droidrun-controller/portal-apk/app/build/intermediates/manifest_merge_blame_file/debug/processDebugMainManifest/manifest-merger-blame-debug-report.txt
1<?xml version="1.0" encoding="utf-8"?>
2<manifest xmlns:android="http://schemas.android.com/apk/res/android"
3    package="com.agent.portal"
4    android:versionCode="1"
5    android:versionName="1.0.0" >
6
7    <uses-sdk
8        android:minSdkVersion="26"
9        android:targetSdkVersion="34" />
10
11    <!-- Permissions -->
12    <uses-permission android:name="android.permission.INTERNET" />
12-->src/main/AndroidManifest.xml:6:5-67
12-->src/main/AndroidManifest.xml:6:22-64
13    <uses-permission android:name="android.permission.ACCESS_NETWORK_STATE" />
13-->src/main/AndroidManifest.xml:7:5-79
13-->src/main/AndroidManifest.xml:7:22-76
14    <uses-permission android:name="android.permission.SYSTEM_ALERT_WINDOW" />
14-->src/main/AndroidManifest.xml:8:5-78
14-->src/main/AndroidManifest.xml:8:22-75
15    <uses-permission android:name="android.permission.FOREGROUND_SERVICE" />
15-->src/main/AndroidManifest.xml:9:5-77
15-->src/main/AndroidManifest.xml:9:22-74
16    <uses-permission android:name="android.permission.FOREGROUND_SERVICE_SPECIAL_USE" />
16-->src/main/AndroidManifest.xml:10:5-89
16-->src/main/AndroidManifest.xml:10:22-86
17    <uses-permission android:name="android.permission.POST_NOTIFICATIONS" />
17-->src/main/AndroidManifest.xml:11:5-77
17-->src/main/AndroidManifest.xml:11:22-74
18    <uses-permission android:name="android.permission.RECEIVE_BOOT_COMPLETED" />
18-->src/main/AndroidManifest.xml:12:5-81
18-->src/main/AndroidManifest.xml:12:22-78
19
20    <permission
20-->[androidx.core:core:1.13.0] AndroidManifest.xml:22:5-24:47
21        android:name="com.agent.portal.DYNAMIC_RECEIVER_NOT_EXPORTED_PERMISSION"
21-->[androidx.core:core:1.13.0] AndroidManifest.xml:23:9-81
22        android:protectionLevel="signature" />
22-->[androidx.core:core:1.13.0] AndroidManifest.xml:24:9-44
23
24    <uses-permission android:name="com.agent.portal.DYNAMIC_RECEIVER_NOT_EXPORTED_PERMISSION" />
24-->[androidx.core:core:1.13.0] AndroidManifest.xml:26:5-97
24-->[androidx.core:core:1.13.0] AndroidManifest.xml:26:22-94
25
26    <application
26-->src/main/AndroidManifest.xml:14:5-96:19
27        android:allowBackup="true"
27-->src/main/AndroidManifest.xml:15:9-35
28        android:appComponentFactory="androidx.core.app.CoreComponentFactory"
28-->[androidx.core:core:1.13.0] AndroidManifest.xml:28:18-86
29        android:debuggable="true"
30        android:extractNativeLibs="false"
31        android:icon="@mipmap/ic_launcher"
31-->src/main/AndroidManifest.xml:16:9-43
32        android:label="@string/app_name"
32-->src/main/AndroidManifest.xml:17:9-41
33        android:roundIcon="@mipmap/ic_launcher_round"
33-->src/main/AndroidManifest.xml:18:9-54
34        android:supportsRtl="true"
34-->src/main/AndroidManifest.xml:19:9-35
35        android:testOnly="true"
36        android:theme="@style/Theme.AgentPortal" >
36-->src/main/AndroidManifest.xml:20:9-49
37
38        <!-- Main Activity -->
39        <activity
39-->src/main/AndroidManifest.xml:24:9-32:20
40            android:name="com.agent.portal.MainActivity"
40-->src/main/AndroidManifest.xml:25:13-41
41            android:exported="true"
41-->src/main/AndroidManifest.xml:26:13-36
42            android:launchMode="singleTop" >
42-->src/main/AndroidManifest.xml:27:13-43
43            <intent-filter>
43-->src/main/AndroidManifest.xml:28:13-31:29
44                <action android:name="android.intent.action.MAIN" />
44-->src/main/AndroidManifest.xml:29:17-69
44-->src/main/AndroidManifest.xml:29:25-66
45
46                <category android:name="android.intent.category.LAUNCHER" />
46-->src/main/AndroidManifest.xml:30:17-77
46-->src/main/AndroidManifest.xml:30:27-74
47            </intent-filter>
48        </activity>
49
50        <!-- Accessibility Service -->
51        <service
51-->src/main/AndroidManifest.xml:35:9-45:19
52            android:name="com.agent.portal.accessibility.PortalAccessibilityService"
52-->src/main/AndroidManifest.xml:36:13-69
53            android:exported="true"
53-->src/main/AndroidManifest.xml:37:13-36
54            android:permission="android.permission.BIND_ACCESSIBILITY_SERVICE" >
54-->src/main/AndroidManifest.xml:38:13-79
55            <intent-filter>
55-->src/main/AndroidManifest.xml:39:13-41:29
56                <action android:name="android.accessibilityservice.AccessibilityService" />
56-->src/main/AndroidManifest.xml:40:17-92
56-->src/main/AndroidManifest.xml:40:25-89
57            </intent-filter>
58
59            <meta-data
59-->src/main/AndroidManifest.xml:42:13-44:72
60                android:name="android.accessibilityservice"
60-->src/main/AndroidManifest.xml:43:17-60
61                android:resource="@xml/accessibility_service_config" />
61-->src/main/AndroidManifest.xml:44:17-69
62        </service>
63
64        <!-- HTTP Server Service -->
65        <service
65-->src/main/AndroidManifest.xml:48:9-55:19
66            android:name="com.agent.portal.server.HttpServerService"
66-->src/main/AndroidManifest.xml:49:13-53
67            android:exported="false"
67-->src/main/AndroidManifest.xml:50:13-37
68            android:foregroundServiceType="specialUse" >
68-->src/main/AndroidManifest.xml:51:13-55
69            <property
69-->src/main/AndroidManifest.xml:52:13-54:46
70                android:name="android.app.PROPERTY_SPECIAL_USE_FGS_SUBTYPE"
70-->src/main/AndroidManifest.xml:53:17-76
71                android:value="automation" />
71-->src/main/AndroidManifest.xml:54:17-43
72        </service>
73
74        <!-- Overlay Service -->
75        <service
75-->src/main/AndroidManifest.xml:58:9-65:19
76            android:name="com.agent.portal.overlay.OverlayService"
76-->src/main/AndroidManifest.xml:59:13-51
77            android:exported="false"
77-->src/main/AndroidManifest.xml:60:13-37
78            android:foregroundServiceType="specialUse" >
78-->src/main/AndroidManifest.xml:61:13-55
79            <property
79-->src/main/AndroidManifest.xml:52:13-54:46
80                android:name="android.app.PROPERTY_SPECIAL_USE_FGS_SUBTYPE"
80-->src/main/AndroidManifest.xml:53:17-76
81                android:value="overlay" />
81-->src/main/AndroidManifest.xml:54:17-43
82        </service>
83
84        <!-- Content Provider for ADB communication -->
85        <provider
85-->src/main/AndroidManifest.xml:68:9-72:50
86            android:name="com.agent.portal.provider.PortalContentProvider"
86-->src/main/AndroidManifest.xml:69:13-59
87            android:authorities="com.agent.portal"
87-->src/main/AndroidManifest.xml:70:13-51
88            android:exported="true"
88-->src/main/AndroidManifest.xml:71:13-36
89            android:grantUriPermissions="true" />
89-->src/main/AndroidManifest.xml:72:13-47
90
91        <!-- Custom Keyboard IME -->
92        <service
92-->src/main/AndroidManifest.xml:75:9-85:19
93            android:name="com.agent.portal.keyboard.PortalKeyboardIME"
93-->src/main/AndroidManifest.xml:76:13-55
94            android:exported="true"
94-->src/main/AndroidManifest.xml:77:13-36
95            android:permission="android.permission.BIND_INPUT_METHOD" >
95-->src/main/AndroidManifest.xml:78:13-70
96            <intent-filter>
96-->src/main/AndroidManifest.xml:79:13-81:29
97                <action android:name="android.view.InputMethod" />
97-->src/main/AndroidManifest.xml:80:17-67
97-->src/main/AndroidManifest.xml:80:25-64
98            </intent-filter>
99
100            <meta-data
100-->src/main/AndroidManifest.xml:82:13-84:59
101                android:name="android.view.im"
101-->src/main/AndroidManifest.xml:83:17-47
102                android:resource="@xml/keyboard_method" />
102-->src/main/AndroidManifest.xml:84:17-56
103        </service>
104
105        <!-- Boot Receiver -->
106        <receiver
106-->src/main/AndroidManifest.xml:88:9-94:20
107            android:name="com.agent.portal.BootReceiver"
107-->src/main/AndroidManifest.xml:89:13-41
108            android:exported="true" >
108-->src/main/AndroidManifest.xml:90:13-36
109            <intent-filter>
109-->src/main/AndroidManifest.xml:91:13-93:29
110                <action android:name="android.intent.action.BOOT_COMPLETED" />
110-->src/main/AndroidManifest.xml:92:17-79
110-->src/main/AndroidManifest.xml:92:25-76
111            </intent-filter>
112        </receiver>
113
114        <provider
114-->[androidx.emoji2:emoji2:1.2.0] AndroidManifest.xml:24:9-32:20
115            android:name="androidx.startup.InitializationProvider"
115-->[androidx.emoji2:emoji2:1.2.0] AndroidManifest.xml:25:13-67
116            android:authorities="com.agent.portal.androidx-startup"
116-->[androidx.emoji2:emoji2:1.2.0] AndroidManifest.xml:26:13-68
117            android:exported="false" >
117-->[androidx.emoji2:emoji2:1.2.0] AndroidManifest.xml:27:13-37
118            <meta-data
118-->[androidx.emoji2:emoji2:1.2.0] AndroidManifest.xml:29:13-31:52
119                android:name="androidx.emoji2.text.EmojiCompatInitializer"
119-->[androidx.emoji2:emoji2:1.2.0] AndroidManifest.xml:30:17-75
120                android:value="androidx.startup" />
120-->[androidx.emoji2:emoji2:1.2.0] AndroidManifest.xml:31:17-49
121            <meta-data
121-->[androidx.lifecycle:lifecycle-process:2.6.2] AndroidManifest.xml:29:13-31:52
122                android:name="androidx.lifecycle.ProcessLifecycleInitializer"
122-->[androidx.lifecycle:lifecycle-process:2.6.2] AndroidManifest.xml:30:17-78
123                android:value="androidx.startup" />
123-->[androidx.lifecycle:lifecycle-process:2.6.2] AndroidManifest.xml:31:17-49
124            <meta-data
124-->[androidx.profileinstaller:profileinstaller:1.3.0] AndroidManifest.xml:29:13-31:52
125                android:name="androidx.profileinstaller.ProfileInstallerInitializer"
125-->[androidx.profileinstaller:profileinstaller:1.3.0] AndroidManifest.xml:30:17-85
126                android:value="androidx.startup" />
126-->[androidx.profileinstaller:profileinstaller:1.3.0] AndroidManifest.xml:31:17-49
127        </provider>
128
129        <receiver
129-->[androidx.profileinstaller:profileinstaller:1.3.0] AndroidManifest.xml:34:9-52:20
130            android:name="androidx.profileinstaller.ProfileInstallReceiver"
130-->[androidx.profileinstaller:profileinstaller:1.3.0] AndroidManifest.xml:35:13-76
131            android:directBootAware="false"
131-->[androidx.profileinstaller:profileinstaller:1.3.0] AndroidManifest.xml:36:13-44
132            android:enabled="true"
132-->[androidx.profileinstaller:profileinstaller:1.3.0] AndroidManifest.xml:37:13-35
133            android:exported="true"
133-->[androidx.profileinstaller:profileinstaller:1.3.0] AndroidManifest.xml:38:13-36
134            android:permission="android.permission.DUMP" >
134-->[androidx.profileinstaller:profileinstaller:1.3.0] AndroidManifest.xml:39:13-57
135            <intent-filter>
135-->[androidx.profileinstaller:profileinstaller:1.3.0] AndroidManifest.xml:40:13-42:29
136                <action android:name="androidx.profileinstaller.action.INSTALL_PROFILE" />
136-->[androidx.profileinstaller:profileinstaller:1.3.0] AndroidManifest.xml:41:17-91
136-->[androidx.profileinstaller:profileinstaller:1.3.0] AndroidManifest.xml:41:25-88
137            </intent-filter>
138            <intent-filter>
138-->[androidx.profileinstaller:profileinstaller:1.3.0] AndroidManifest.xml:43:13-45:29
139                <action android:name="androidx.profileinstaller.action.SKIP_FILE" />
139-->[androidx.profileinstaller:profileinstaller:1.3.0] AndroidManifest.xml:44:17-85
139-->[androidx.profileinstaller:profileinstaller:1.3.0] AndroidManifest.xml:44:25-82
140            </intent-filter>
141            <intent-filter>
141-->[androidx.profileinstaller:profileinstaller:1.3.0] AndroidManifest.xml:46:13-48:29
142                <action android:name="androidx.profileinstaller.action.SAVE_PROFILE" />
142-->[androidx.profileinstaller:profileinstaller:1.3.0] AndroidManifest.xml:47:17-88
142-->[androidx.profileinstaller:profileinstaller:1.3.0] AndroidManifest.xml:47:25-85
143            </intent-filter>
144            <intent-filter>
144-->[androidx.profileinstaller:profileinstaller:1.3.0] AndroidManifest.xml:49:13-51:29
145                <action android:name="androidx.profileinstaller.action.BENCHMARK_OPERATION" />
145-->[androidx.profileinstaller:profileinstaller:1.3.0] AndroidManifest.xml:50:17-95
145-->[androidx.profileinstaller:profileinstaller:1.3.0] AndroidManifest.xml:50:25-92
146            </intent-filter>
147        </receiver>
148    </application>
149
150</manifest>